DB Connection Options: {
  bufferCommands: false,
  connectTimeoutMS: 60000,
  socketTimeoutMS: 300000,
  serverSelectionTimeoutMS: 60000,
  heartbeatFrequencyMS: 10000,
  maxPoolSize: 100,
  minPoolSize: 1,
  directConnection: true
}
Database service started...
[SettingsService] Loaded 14 settings into cache.
Settings service started...
Rate limiter middleware initialized
Total application memory usage (RSS): 183.55 MB
Server running on port 3001
[INFO][vector-service] Initializing IMVectorService (local vector store)... {}
Health check: { status: 'Healthy' }
[SESSION] Initializing session store: redis
RateLimiter: allowed request for key=QNZdh13_uyX3ijP-EYBzORoGgiOVX4nu (auth=false) remaining=59
2026-02-09T17:44:13.923Z - GET request to /
[SESSION] Redis connected
RateLimiter: allowed request for key=LTYzglxv6-PvjYNlr4lVdRE0Qicslbe2 (auth=false) remaining=59
2026-02-09T17:45:11.811Z - GET request to /
RateLimiter: allowed request for key=G92jfDrKFIZXwJLn29jE8KfibQeTOV-G (auth=false) remaining=59
2026-02-09T17:45:11.928Z - GET request to /config.js
RateLimiter: allowed request for key=EzsnNrCV4vL6yelkjn02xtsgKNRJHNpj (auth=false) remaining=59
2026-02-09T17:45:16.490Z - POST request to /api/chat/chat-session-fingerprint
RateLimiter: allowed request for key=11dJ_LhGWompmzlV8pzwxipkhIuJXW19 (auth=false) remaining=59
2026-02-09T17:45:16.666Z - GET request to /api/setting/setting-public-handler?key=provider
RateLimiter: allowed request for key=Fvf7AXZPyNzQNELzQKkOfY9HQcopck8n (auth=false) remaining=59
2026-02-09T17:45:16.672Z - GET request to /api/setting/setting-public-handler?key=workflow.default
RateLimiter: allowed request for key=baGI23JpjH-51FSUgs7mPxTD48GR7mXp (auth=false) remaining=59
2026-02-09T17:45:16.675Z - GET request to /api/chat/chat-session-availability
RateLimiter: allowed request for key=SKd5Bk8ChzVeuKWHfa27XfX5Tg8pulap (auth=false) remaining=59
2026-02-09T17:45:16.682Z - GET request to /api/auth/auth-me
[INFO][vector-service] IMVectorService initialized: 13 QA, 13 questions, 35 sentences. Init took 95160ms. {}
Vector service started...
Vector Service Stats: {
  isInitialized: true,
  embeddings: 13,
  questions: 13,
  sentences: 35,
  searches: 0,
  qaSearches: 0,
  sentenceSearches: 0,
  averageSearchTimeMs: 0,
  uptimeSeconds: 0.014,
  initDurationMs: 95160,
  vectorMemoryUsage: {
    total: '0.95 MB',
    qaVectors: '0.20 MB',
    questionVectors: '0.20 MB',
    sentenceVectors: '0.53 MB',
    metadata: '0.02 MB'
  }
}
